2019-11-21 18:27:40.169  INFO 34452 --- [restartedMain] com.study.App                            : Starting App on DESKTOP-93GLOGR with PID 34452 (D:\springboot\target\classes started by Administrator in D:\springboot)
2019-11-21 18:27:40.179  INFO 34452 --- [restartedMain] com.study.App                            : No active profile set, falling back to default profiles: default
2019-11-21 18:27:40.294  INFO 34452 --- [restartedMain] ConfigServletWebServerApplicationContext : Refreshing org.springframework.boot.web.servlet.context.AnnotationConfigServletWebServerApplicationContext@1b3405d0: startup date [Thu Nov 21 18:27:40 CST 2019]; root of context hierarchy
2019-11-21 18:27:43.507  INFO 34452 --- [restartedMain] trationDelegate$BeanPostProcessorChecker : Bean 'org.springframework.transaction.annotation.ProxyTransactionManagementConfiguration' of type [org.springframework.transaction.annotation.ProxyTransactionManagementConfiguration$$EnhancerBySpringCGLIB$$8bcc03b9] is not eligible for getting processed by all BeanPostProcessors (for example: not eligible for auto-proxying)
2019-11-21 18:27:44.756  INFO 34452 --- [restartedMain] o.s.b.w.embedded.tomcat.TomcatWebServer  : Tomcat initialized with port(s): 8080 (http)
2019-11-21 18:27:44.787  INFO 34452 --- [restartedMain] o.apache.catalina.core.StandardService   : Starting service [Tomcat]
2019-11-21 18:27:44.788  INFO 34452 --- [restartedMain] org.apache.catalina.core.StandardEngine  : Starting Servlet Engine: Apache Tomcat/8.5.32
2019-11-21 18:27:44.794  INFO 34452 --- [localhost-startStop-1] o.a.catalina.core.AprLifecycleListener   : The APR based Apache Tomcat Native library which allows optimal performance in production environments was not found on the java.library.path: [D:\Java JDK\bin;C:\Windows\Sun\Java\bin;C:\Windows\system32;C:\Windows;C:\Program Files (x86)\Common Files\Oracle\Java\javapath;C:\Program Files (x86)\Intel\Intel(R) Management Engine Components\iCLS\;C:\Program Files\Intel\Intel(R) Management Engine Components\iCLS\;C:\Windows\system32;C:\Windows;C:\Windows\System32\Wbem;C:\Windows\System32\WindowsPowerShell\v1.0\;C:\Windows\System32\OpenSSH\;C:\Program Files (x86)\Intel\Intel(R) Management Engine Components\DAL;C:\Program Files\Intel\Intel(R) Management Engine Components\DAL;C:\Program Files (x86)\Intel\Intel(R) Management Engine Components\IPT;C:\Program Files\Intel\Intel(R) Management Engine Components\IPT;";D:\Java JDK\bin;D:\Java JDK\jre\bin";";D:\MySQL\mysql-8.0.13-winx64\bin";D:\Maven\apache-maven-3.6.0\bin\;D:\apache-tomcat-8.5.4\bin;D:\apache-tomcat-8.5.4\lib;D:\node\;C:\Program Files\TortoiseGit\bin;D:\yarn\bin\;C:\Program Files\dotnet\;D:\GitInstallation\cmd;C:\Users\Administrator\AppData\Local\Microsoft\WindowsApps;D:\Microsoft VS Code\bin;C:\Users\Administrator\AppData\Roaming\npm;C:\Users\Administrator\AppData\Local\Yarn\bin;C:\Users\Administrator\.dotnet\tools;D:\Docker Toolbox;.]
2019-11-21 18:27:45.073  INFO 34452 --- [localhost-startStop-1] o.a.c.c.C.[Tomcat].[localhost].[/]       : Initializing Spring embedded WebApplicationContext
2019-11-21 18:27:45.074  INFO 34452 --- [localhost-startStop-1] o.s.web.context.ContextLoader            : Root WebApplicationContext: initialization completed in 4781 ms
2019-11-21 18:27:45.356  INFO 34452 --- [localhost-startStop-1] o.s.b.w.servlet.FilterRegistrationBean   : Mapping filter: 'characterEncodingFilter' to: [/*]
2019-11-21 18:27:45.357  INFO 34452 --- [localhost-startStop-1] o.s.b.w.servlet.FilterRegistrationBean   : Mapping filter: 'hiddenHttpMethodFilter' to: [/*]
2019-11-21 18:27:45.358  INFO 34452 --- [localhost-startStop-1] o.s.b.w.servlet.FilterRegistrationBean   : Mapping filter: 'httpPutFormContentFilter' to: [/*]
2019-11-21 18:27:45.358  INFO 34452 --- [localhost-startStop-1] o.s.b.w.servlet.FilterRegistrationBean   : Mapping filter: 'requestContextFilter' to: [/*]
2019-11-21 18:27:45.358  INFO 34452 --- [localhost-startStop-1] .s.DelegatingFilterProxyRegistrationBean : Mapping filter: 'springSecurityFilterChain' to: [/*]
2019-11-21 18:27:45.359  INFO 34452 --- [localhost-startStop-1] o.s.b.w.servlet.FilterRegistrationBean   : Mapping filter: 'com.study.servlet.myFilter' to urls: [/*]
2019-11-21 18:27:45.359  INFO 34452 --- [localhost-startStop-1] o.s.b.w.servlet.ServletRegistrationBean  : Servlet dispatcherServlet mapped to [/]
2019-11-21 18:27:45.361  INFO 34452 --- [localhost-startStop-1] o.s.b.w.servlet.ServletRegistrationBean  : Servlet myservlet mapped to [/servletTest]
2019-11-21 18:27:45.916  INFO 34452 --- [restartedMain] j.LocalContainerEntityManagerFactoryBean : Building JPA container EntityManagerFactory for persistence unit 'default'
2019-11-21 18:27:45.938  INFO 34452 --- [restartedMain] o.hibernate.jpa.internal.util.LogHelper  : HHH000204: Processing PersistenceUnitInfo [
	name: default
	...]
2019-11-21 18:27:46.098  INFO 34452 --- [restartedMain] org.hibernate.Version                    : HHH000412: Hibernate Core {5.2.17.Final}
2019-11-21 18:27:46.101  INFO 34452 --- [restartedMain] org.hibernate.cfg.Environment            : HHH000206: hibernate.properties not found
2019-11-21 18:27:46.207  INFO 34452 --- [restartedMain] o.hibernate.annotations.common.Version   : HCANN000001: Hibernate Commons Annotations {5.0.1.Final}
2019-11-21 18:27:47.223  INFO 34452 --- [restartedMain] com.alibaba.druid.pool.DruidDataSource   : {dataSource-1} inited
2019-11-21 18:27:47.682  INFO 34452 --- [restartedMain] org.hibernate.dialect.Dialect            : HHH000400: Using dialect: org.hibernate.dialect.MySQL57Dialect
2019-11-21 18:27:48.659  INFO 34452 --- [restartedMain] j.LocalContainerEntityManagerFactoryBean : Initialized JPA EntityManagerFactory for persistence unit 'default'
2019-11-21 18:27:50.267  INFO 34452 --- [restartedMain] o.s.w.s.handler.SimpleUrlHandlerMapping  : Mapped URL path [/**/favicon.ico] onto handler of type [class org.springframework.web.servlet.resource.ResourceHttpRequestHandler]
2019-11-21 18:27:50.973  INFO 34452 --- [restartedMain] s.w.s.m.m.a.RequestMappingHandlerAdapter : Looking for @ControllerAdvice: org.springframework.boot.web.servlet.context.AnnotationConfigServletWebServerApplicationContext@1b3405d0: startup date [Thu Nov 21 18:27:40 CST 2019]; root of context hierarchy
2019-11-21 18:27:50.990  INFO 34452 --- [restartedMain] s.w.s.m.m.a.RequestMappingHandlerAdapter : Detected @ModelAttribute methods in globalConfig
2019-11-21 18:27:51.062  WARN 34452 --- [restartedMain] aWebConfiguration$JpaWebMvcConfiguration : spring.jpa.open-in-view is enabled by default. Therefore, database queries may be performed during view rendering. Explicitly configure spring.jpa.open-in-view to disable this warning
2019-11-21 18:27:51.112  INFO 34452 --- [restartedMain] s.w.s.m.m.a.RequestMappingHandlerMapping : Mapped "{[/test/testCustomObjWithRp]}" onto public com.study.model.Books com.study.controller.annotationsController.testCustomObjWithRp(com.study.model.Books)
2019-11-21 18:27:51.113  INFO 34452 --- [restartedMain] s.w.s.m.m.a.RequestMappingHandlerMapping : Mapped "{[/test/testRb]}" onto public com.study.model.Books com.study.controller.annotationsController.testRb(com.study.model.Books)
2019-11-21 18:27:51.113  INFO 34452 --- [restartedMain] s.w.s.m.m.a.RequestMappingHandlerMapping : Mapped "{[/test/testCustomObj]}" onto public com.study.model.Books com.study.controller.annotationsController.testCustomObj(com.study.model.Books)
2019-11-21 18:27:51.114  INFO 34452 --- [restartedMain] s.w.s.m.m.a.RequestMappingHandlerMapping : Mapped "{[/test/testDate]}" onto public java.util.Date com.study.controller.annotationsController.testDate(java.util.Date)
2019-11-21 18:27:51.116  INFO 34452 --- [restartedMain] s.w.s.m.m.a.RequestMappingHandlerMapping : Mapped "{[/allBook],methods=[GET]}" onto public java.util.List<com.study.model.Books> com.study.controller.bookController.getAllBookController()
2019-11-21 18:27:51.118  INFO 34452 --- [restartedMain] s.w.s.m.m.a.RequestMappingHandlerMapping : Mapped "{[/book/{id}],methods=[DELETE]}" onto public java.lang.String com.study.controller.CORSController.deleteBookById(java.lang.Long)
2019-11-21 18:27:51.120  INFO 34452 --- [restartedMain] s.w.s.m.m.a.RequestMappingHandlerMapping : Mapped "{[/book/],methods=[POST]}" onto public java.lang.String com.study.controller.CORSController.addBook(java.lang.String)
2019-11-21 18:27:51.121  INFO 34452 --- [restartedMain] s.w.s.m.m.a.RequestMappingHandlerMapping : Mapped "{[/test],methods=[GET]}" onto public java.util.List<com.study.model.flowers> com.study.controller.flowerController.test()
2019-11-21 18:27:51.122  INFO 34452 --- [restartedMain] s.w.s.m.m.a.RequestMappingHandlerMapping : Mapped "{[/findAllFlowers],methods=[GET]}" onto public void com.study.controller.flowerController.findAll()
2019-11-21 18:27:51.122  INFO 34452 --- [restartedMain] s.w.s.m.m.a.RequestMappingHandlerMapping : Mapped "{[/saveFlower],methods=[POST]}" onto public void com.study.controller.flowerController.saveFlower(com.study.model.flowers)
2019-11-21 18:27:51.123  INFO 34452 --- [restartedMain] s.w.s.m.m.a.RequestMappingHandlerMapping : Mapped "{[/global],methods=[GET]}" onto public void com.study.controller.globalConfigTest.write(org.springframework.ui.Model)
2019-11-21 18:27:51.124  INFO 34452 --- [restartedMain] s.w.s.m.m.a.RequestMappingHandlerMapping : Mapped "{[/exception/get],methods=[GET]}" onto public void com.study.controller.GlobalExceptionController.get()
2019-11-21 18:27:51.125  INFO 34452 --- [restartedMain] s.w.s.m.m.a.RequestMappingHandlerMapping : Mapped "{[/books],methods=[GET]}" onto public com.study.model.Books com.study.controller.HelloController.books()
2019-11-21 18:27:51.125  INFO 34452 --- [restartedMain] s.w.s.m.m.a.RequestMappingHandlerMapping : Mapped "{[/getuser],methods=[GET]}" onto public java.lang.String com.study.controller.HelloController.getUser(java.lang.Integer)
2019-11-21 18:27:51.126  INFO 34452 --- [restartedMain] s.w.s.m.m.a.RequestMappingHandlerMapping : Mapped "{[/jsonbook],methods=[GET]}" onto public com.alibaba.fastjson.JSONObject com.study.controller.HelloController.jsonbook()
2019-11-21 18:27:51.126  INFO 34452 --- [restartedMain] s.w.s.m.m.a.RequestMappingHandlerMapping : Mapped "{[/hello],methods=[GET]}" onto public java.lang.String com.study.controller.HelloController.hello()
2019-11-21 18:27:51.127  INFO 34452 --- [restartedMain] s.w.s.m.m.a.RequestMappingHandlerMapping : Mapped "{[/upload],methods=[POST]}" onto public java.lang.String com.study.controller.uploadController.upload(org.springframework.web.multipart.MultipartFile,javax.servlet.http.HttpServletRequest)
2019-11-21 18:27:51.127  INFO 34452 --- [restartedMain] s.w.s.m.m.a.RequestMappingHandlerMapping : Mapped "{[/doLogin],methods=[POST]}" onto public java.lang.String com.study.controller.UserController.doLogin(java.lang.String,java.lang.String,org.springframework.ui.Model)
2019-11-21 18:27:51.130  INFO 34452 --- [restartedMain] s.w.s.m.m.a.RequestMappingHandlerMapping : Mapped "{[/error]}" onto public org.springframework.http.ResponseEntity<java.util.Map<java.lang.String, java.lang.Object>> org.springframework.boot.autoconfigure.web.servlet.error.BasicErrorController.error(javax.servlet.http.HttpServletRequest)
2019-11-21 18:27:51.131  INFO 34452 --- [restartedMain] s.w.s.m.m.a.RequestMappingHandlerMapping : Mapped "{[/error],produces=[text/html]}" onto public org.springframework.web.servlet.ModelAndView org.springframework.boot.autoconfigure.web.servlet.error.BasicErrorController.errorHtml(javax.servlet.http.HttpServletRequest,javax.servlet.http.HttpServletResponse)
2019-11-21 18:27:51.182  INFO 34452 --- [restartedMain] o.s.w.s.handler.SimpleUrlHandlerMapping  : Mapped URL path [/loginTest] onto handler of type [class org.springframework.web.servlet.mvc.ParameterizableViewController]
2019-11-21 18:27:51.183  INFO 34452 --- [restartedMain] o.s.w.s.handler.SimpleUrlHandlerMapping  : Mapped URL path [/uploadfile] onto handler of type [class org.springframework.web.servlet.mvc.ParameterizableViewController]
2019-11-21 18:27:51.215  INFO 34452 --- [restartedMain] o.s.w.s.handler.SimpleUrlHandlerMapping  : Mapped URL path [/webjars/**] onto handler of type [class org.springframework.web.servlet.resource.ResourceHttpRequestHandler]
2019-11-21 18:27:51.217  INFO 34452 --- [restartedMain] o.s.w.s.handler.SimpleUrlHandlerMapping  : Mapped URL path [/**] onto handler of type [class org.springframework.web.servlet.resource.ResourceHttpRequestHandler]
2019-11-21 18:27:51.267  INFO 34452 --- [restartedMain] .m.m.a.ExceptionHandlerExceptionResolver : Detected @ExceptionHandler methods in globalExceptionHandler
2019-11-21 18:27:51.508  INFO 34452 --- [restartedMain] o.s.b.a.w.s.WelcomePageHandlerMapping    : Adding welcome page: class path resource [static/index.html]
2019-11-21 18:27:52.587  INFO 34452 --- [restartedMain] o.s.s.web.DefaultSecurityFilterChain     : Creating filter chain: org.springframework.security.web.util.matcher.AnyRequestMatcher@1, [org.springframework.security.web.context.request.async.WebAsyncManagerIntegrationFilter@62376da5, org.springframework.security.web.context.SecurityContextPersistenceFilter@396083f4, org.springframework.security.web.header.HeaderWriterFilter@77c6fe4d, org.springframework.security.web.csrf.CsrfFilter@39b31cab, org.springframework.security.web.authentication.logout.LogoutFilter@758834c3, org.springframework.security.web.authentication.UsernamePasswordAuthenticationFilter@41cff87b, org.springframework.security.web.authentication.ui.DefaultLoginPageGeneratingFilter@428766fd, org.springframework.security.web.authentication.www.BasicAuthenticationFilter@1967777e, org.springframework.security.web.savedrequest.RequestCacheAwareFilter@90f59e8, org.springframework.security.web.servletapi.SecurityContextHolderAwareRequestFilter@41e0d7f6, org.springframework.security.web.authentication.AnonymousAuthenticationFilter@282c0419, org.springframework.security.web.session.SessionManagementFilter@29cfde62, org.springframework.security.web.access.ExceptionTranslationFilter@d6ef5f1, org.springframework.security.web.access.intercept.FilterSecurityInterceptor@58264d34]
2019-11-21 18:27:53.036  INFO 34452 --- [restartedMain] o.s.b.d.a.OptionalLiveReloadServer       : LiveReload server is running on port 35729
2019-11-21 18:27:53.123  INFO 34452 --- [restartedMain] o.s.j.e.a.AnnotationMBeanExporter        : Registering beans for JMX exposure on startup
2019-11-21 18:27:53.126  INFO 34452 --- [restartedMain] o.s.j.e.a.AnnotationMBeanExporter        : Bean with name 'dataSource' has been autodetected for JMX exposure
2019-11-21 18:27:53.133  INFO 34452 --- [restartedMain] o.s.j.e.a.AnnotationMBeanExporter        : Located MBean 'dataSource': registering with JMX server as MBean [com.alibaba.druid.pool:name=dataSource,type=DruidDataSource]
2019-11-21 18:27:53.190  INFO 34452 --- [restartedMain] o.s.b.w.embedded.tomcat.TomcatWebServer  : Tomcat started on port(s): 8080 (http) with context path ''
2019-11-21 18:27:53.196  INFO 34452 --- [restartedMain] com.study.App                            : Started App in 13.576 seconds (JVM running for 15.928)
